#
# A fatal error has been detected by the Java Runtime Environment:
#
#  EXCEPTION_ACCESS_VIOLATION (0xc0000005) at pc=0x00007ffee8437360, pid=4616, tid=0x00000000000018ec
#
# JRE version: OpenJDK Runtime Environment (8.0_265-b01) (build 1.8.0_265-b01)
# Java VM: OpenJDK 64-Bit Server VM (25.265-b01 mixed mode windows-amd64 compressed oops)
# Problematic frame:
# C  [glfw.dll+0x7360]
#
# Failed to write core dump. Minidumps are not enabled by default on client versions of Windows
#
# If you would like to submit a bug report, please include
# instructions on how to reproduce the bug and visit:
#   http://bugreport.java.com/bugreport/crash.jsp
# The crash happened outside the Java Virtual Machine in native code.
# See problematic frame for where to report the bug.
#

---------------  T H R E A D  ---------------

Current thread (0x0000000002264000):  JavaThread "main" [_thread_in_native, id=6380, stack(0x0000000002160000,0x0000000002260000)]

siginfo: ExceptionCode=0xc0000005, reading address 0x0000000000665f6c

Registers:
RAX=0x000000001695c518, RBX=0x000000001695c518, RCX=0x0000000000665f50, RDX=0x000000000225ef90
RSP=0x000000000225ef10, RBP=0x000000000225efa0, RSI=0x0000000000000108, RDI=0x000000000002ea49
R8 =0x0000000000665f50, R9 =0x00007ffee8437340, R10=0x00007ffee9611b10, R11=0x0000000002822da0
R12=0x0000000000000000, R13=0x000000000225f038, R14=0x000000000225ef90, R15=0x0000000002264000
RIP=0x00007ffee8437360, EFLAGS=0x0000000000010202

Top of Stack: (sp=0x000000000225ef10)
0x000000000225ef10:   0000000002264001 00000000022652f0
0x000000000225ef20:   0000000002264000 000000000225f048
0x000000000225ef30:   000000000225efa0 000000000282348a
0x000000000225ef40:   0000000081400340 0000000000007ce0
0x000000000225ef50:   000000000225f088 00000000027a2c6c
0x000000000225ef60:   ffffffffffffffff 0000000002264000
0x000000000225ef70:   00000000d7647f48 0000000000665f50
0x000000000225ef80:   00000000d7647f60 00000000d82bc8b0
0x000000000225ef90:   0000000081400340 00000000d81993a0
0x000000000225efa0:   000000000225f088 0000000002822ea4
0x000000000225efb0:   00000000d7657040 00000000d82bc8e8
0x000000000225efc0:   0000000000665f50 0000000000000000
0x000000000225efd0:   00000000d81993a0 00000000d6e4c670
0x000000000225efe0:   00000000d8199468 000000000000000c
0x000000000225eff0:   405e000000000000 3ff0000000000000
0x000000000225f000:   40338f571b6fc78b 000000000225f040 

Instructions: (pc=0x00007ffee8437360)
0x00007ffee8437340:   48 83 ec 28 83 3d a5 07 05 00 00 75 13 33 d2 b9
0x00007ffee8437350:   01 00 01 00 e8 07 a9 ff ff 33 c0 48 83 c4 28 c3
0x00007ffee8437360:   8b 41 1c 48 83 c4 28 c3 cc cc cc cc cc cc cc cc
0x00007ffee8437370:   b8 01 00 00 00 c3 cc cc cc cc cc cc cc cc cc cc 


Register to memory mapping:

RAX={method} {0x000000001695c520} 'glfwWindowShouldClose' '(J)Z' in 'org/lwjgl/glfw/GLFW'
RBX={method} {0x000000001695c520} 'glfwWindowShouldClose' '(J)Z' in 'org/lwjgl/glfw/GLFW'
RCX=0x0000000000665f50 is an unknown value
RDX=0x000000000225ef90 is pointing into the stack for thread: 0x0000000002264000
RSP=0x000000000225ef10 is pointing into the stack for thread: 0x0000000002264000
RBP=0x000000000225efa0 is pointing into the stack for thread: 0x0000000002264000
RSI=0x0000000000000108 is an unknown value
RDI=0x000000000002ea49 is an unknown value
R8 =0x0000000000665f50 is an unknown value
R9 =0x00007ffee8437340 is an unknown value
R10=0x00007ffee9611b10 is an unknown value
R11=0x0000000002822da0 is at entry_point+0 in (nmethod*)0x0000000002822c10
R12=0x0000000000000000 is an unknown value
R13=0x000000000225f038 is pointing into the stack for thread: 0x0000000002264000
R14=0x000000000225ef90 is pointing into the stack for thread: 0x0000000002264000
R15=0x0000000002264000 is a thread


Stack: [0x0000000002160000,0x0000000002260000],  sp=0x000000000225ef10,  free space=1019k
Native frames: (J=compiled Java code, j=interpreted, Vv=VM code, C=native code)
C  [glfw.dll+0x7360]
C  0x000000000282348a

Java frames: (J=compiled Java code, j=interpreted, Vv=VM code)
J 1416  org.lwjgl.system.JNI.invokePI(JJ)I (0 bytes) @ 0x0000000002823404 [0x00000000028233c0+0x44]
J 1415 C1 org.lwjgl.glfw.GLFW.glfwWindowShouldClose(J)Z (29 bytes) @ 0x0000000002822ea4 [0x0000000002822da0+0x104]
j  lwjgui.LWJGUIApplication.loop(Llwjgui/scene/Window;)V+42
j  lwjgui.LWJGUIApplication.launch(Llwjgui/LWJGUIApplication;[Ljava/lang/String;)V+44
j  lwjgui.LWJGUIApplication.launch([Ljava/lang/String;)V+126
j  mapper.App.main([Ljava/lang/String;)V+1
v  ~StubRoutines::call_stub

---------------  P R O C E S S  ---------------

Java Threads: ( => current thread )
  0x0000000018871800 JavaThread "Service Thread" daemon [_thread_blocked, id=11788, stack(0x0000000018c30000,0x0000000018d30000)]
  0x0000000016ef5800 JavaThread "C1 CompilerThread2" daemon [_thread_blocked, id=9576, stack(0x0000000018730000,0x0000000018830000)]
  0x0000000016ef2800 JavaThread "C2 CompilerThread1" daemon [_thread_blocked, id=8756, stack(0x0000000018630000,0x0000000018730000)]
  0x0000000016ee2800 JavaThread "C2 CompilerThread0" daemon [_thread_blocked, id=10420, stack(0x0000000018530000,0x0000000018630000)]
  0x0000000016ece000 JavaThread "Attach Listener" daemon [_thread_blocked, id=9356, stack(0x0000000018430000,0x0000000018530000)]
  0x0000000016ecd000 JavaThread "Signal Dispatcher" daemon [_thread_blocked, id=2508, stack(0x0000000018330000,0x0000000018430000)]
  0x0000000016eba800 JavaThread "Finalizer" daemon [_thread_blocked, id=7040, stack(0x0000000018130000,0x0000000018230000)]
  0x0000000016eb9000 JavaThread "Reference Handler" daemon [_thread_blocked, id=14008, stack(0x0000000018030000,0x0000000018130000)]
=>0x0000000002264000 JavaThread "main" [_thread_in_native, id=6380, stack(0x0000000002160000,0x0000000002260000)]

Other Threads:
  0x0000000016e96800 VMThread [stack: 0x0000000017f30000,0x0000000018030000] [id=7780]
  0x0000000018872000 WatcherThread [stack: 0x0000000018d30000,0x0000000018e30000] [id=13628]

VM state:not at safepoint (normal execution)

VM Mutex/Monitor currently owned by a thread: None

heap address: 0x0000000081400000, size: 2028 MB, Compressed Oops mode: 32-bit
Narrow klass base: 0x0000000000000000, Narrow klass shift: 3
Compressed class space size: 1073741824 Address: 0x0000000100000000

Heap:
 PSYoungGen      total 38400K, used 30121K [0x00000000d5c00000, 0x00000000d8680000, 0x0000000100000000)
  eden space 33280K, 81% used [0x00000000d5c00000,0x00000000d7696070,0x00000000d7c80000)
  from space 5120K, 56% used [0x00000000d8180000,0x00000000d84546f0,0x00000000d8680000)
  to   space 5120K, 0% used [0x00000000d7c80000,0x00000000d7c80000,0x00000000d8180000)
 ParOldGen       total 87552K, used 198K [0x0000000081400000, 0x0000000086980000, 0x00000000d5c00000)
  object space 87552K, 0% used [0x0000000081400000,0x0000000081431970,0x0000000086980000)
 Metaspace       used 13238K, capacity 13677K, committed 13824K, reserved 1062912K
  class space    used 1111K, capacity 1227K, committed 1280K, reserved 1048576K

Card table byte_map: [0x0000000011720000,0x0000000011b20000] byte_map_base: 0x0000000011316000

Marking Bits: (ParMarkBitMap*) 0x0000000075288810
 Begin Bits: [0x00000000121d0000, 0x0000000014180000)
 End Bits:   [0x0000000014180000, 0x0000000016130000)

Polling page: 0x0000000002070000

CodeCache: size=245760Kb used=6425Kb max_used=6439Kb free=239334Kb
 bounds [0x0000000002360000, 0x00000000029c0000, 0x0000000011360000]
 total_blobs=2769 nmethods=1736 adapters=945
 compilation: enabled

Compilation events (10 events):
Event: 19.474 Thread 0x0000000016ef2800 1732       4       java.nio.ByteBuffer::<init> (45 bytes)
Event: 19.477 Thread 0x0000000016ef2800 nmethod 1732 0x000000000298fe50 code [0x000000000298ffa0, 0x00000000029901b8]
Event: 19.542 Thread 0x0000000016ee2800 1733       4       lwjgui.scene.control.Menu::isOpen (8 bytes)
Event: 19.542 Thread 0x0000000016ee2800 nmethod 1733 0x000000000293bf90 code [0x000000000293c0c0, 0x000000000293c138]
Event: 19.670 Thread 0x0000000016ef5800 1734       3       lwjgui.scene.control.Menu::isSelected (18 bytes)
Event: 19.671 Thread 0x0000000016ef5800 nmethod 1734 0x0000000002990f50 code [0x00000000029910e0, 0x00000000029917d0]
Event: 19.838 Thread 0x0000000016ef5800 1735       3       lwjgui.scene.control.MenuItem::position (74 bytes)
Event: 19.839 Thread 0x0000000016ef5800 nmethod 1735 0x000000000299dc90 code [0x000000000299dea0, 0x000000000299ea78]
Event: 19.991 Thread 0x0000000016ef5800 1736       3       sun.nio.cs.SingleByte$Encoder::encode (32 bytes)
Event: 19.991 Thread 0x0000000016ef5800 nmethod 1736 0x0000000002990a90 code [0x0000000002990c00, 0x0000000002990e10]

GC Heap History (4 events):
Event: 3.454 GC heap before
{Heap before GC invocations=1 (full 0):
 PSYoungGen      total 38400K, used 33280K [0x00000000d5c00000, 0x00000000d8680000, 0x0000000100000000)
  eden space 33280K, 100% used [0x00000000d5c00000,0x00000000d7c80000,0x00000000d7c80000)
  from space 5120K, 0% used [0x00000000d8180000,0x00000000d8180000,0x00000000d8680000)
  to   space 5120K, 0% used [0x00000000d7c80000,0x00000000d7c80000,0x00000000d8180000)
 ParOldGen       total 87552K, used 0K [0x0000000081400000, 0x0000000086980000, 0x00000000d5c00000)
  object space 87552K, 0% used [0x0000000081400000,0x0000000081400000,0x0000000086980000)
 Metaspace       used 12856K, capacity 13285K, committed 13568K, reserved 1060864K
  class space    used 1106K, capacity 1227K, committed 1280K, reserved 1048576K
Event: 3.461 GC heap after
Heap after GC invocations=1 (full 0):
 PSYoungGen      total 38400K, used 5113K [0x00000000d5c00000, 0x00000000d8680000, 0x0000000100000000)
  eden space 33280K, 0% used [0x00000000d5c00000,0x00000000d5c00000,0x00000000d7c80000)
  from space 5120K, 99% used [0x00000000d7c80000,0x00000000d817e408,0x00000000d8180000)
  to   space 5120K, 0% used [0x00000000d8180000,0x00000000d8180000,0x00000000d8680000)
 ParOldGen       total 87552K, used 190K [0x0000000081400000, 0x0000000086980000, 0x00000000d5c00000)
  object space 87552K, 0% used [0x0000000081400000,0x000000008142f970,0x0000000086980000)
 Metaspace       used 12856K, capacity 13285K, committed 13568K, reserved 1060864K
  class space    used 1106K, capacity 1227K, committed 1280K, reserved 1048576K
}
Event: 12.638 GC heap before
{Heap before GC invocations=2 (full 0):
 PSYoungGen      total 38400K, used 38393K [0x00000000d5c00000, 0x00000000d8680000, 0x0000000100000000)
  eden space 33280K, 100% used [0x00000000d5c00000,0x00000000d7c80000,0x00000000d7c80000)
  from space 5120K, 99% used [0x00000000d7c80000,0x00000000d817e408,0x00000000d8180000)
  to   space 5120K, 0% used [0x00000000d8180000,0x00000000d8180000,0x00000000d8680000)
 ParOldGen       total 87552K, used 190K [0x0000000081400000, 0x0000000086980000, 0x00000000d5c00000)
  object space 87552K, 0% used [0x0000000081400000,0x000000008142f970,0x0000000086980000)
 Metaspace       used 13205K, capacity 13613K, committed 13824K, reserved 1062912K
  class space    used 1111K, capacity 1227K, committed 1280K, reserved 1048576K
Event: 12.642 GC heap after
Heap after GC invocations=2 (full 0):
 PSYoungGen      total 38400K, used 2897K [0x00000000d5c00000, 0x00000000d8680000, 0x0000000100000000)
  eden space 33280K, 0% used [0x00000000d5c00000,0x00000000d5c00000,0x00000000d7c80000)
  from space 5120K, 56% used [0x00000000d8180000,0x00000000d84546f0,0x00000000d8680000)
  to   space 5120K, 0% used [0x00000000d7c80000,0x00000000d7c80000,0x00000000d8180000)
 ParOldGen       total 87552K, used 198K [0x0000000081400000, 0x0000000086980000, 0x00000000d5c00000)
  object space 87552K, 0% used [0x0000000081400000,0x0000000081431970,0x0000000086980000)
 Metaspace       used 13205K, capacity 13613K, committed 13824K, reserved 1062912K
  class space    used 1111K, capacity 1227K, committed 1280K, reserved 1048576K
}

Deoptimization events (10 events):
Event: 2.206 Thread 0x0000000002264000 Uncommon trap: reason=unstable_if action=reinterpret pc=0x00000000025e36b8 method=java.util.HashMap.getNode(ILjava/lang/Object;)Ljava/util/HashMap$Node; @ 116
Event: 2.206 Thread 0x0000000002264000 Uncommon trap: reason=unstable_if action=reinterpret pc=0x00000000026ffa1c method=lwjgui.scene.Node.computeLocalPosition()V @ 4
Event: 2.315 Thread 0x0000000002264000 Uncommon trap: reason=unstable_if action=reinterpret pc=0x0000000002715b84 method=org.lwjgl.system.MemoryUtil.memLengthUTF8(Ljava/lang/CharSequence;Z)I @ 27
Event: 2.315 Thread 0x0000000002264000 Uncommon trap: reason=unstable_if action=reinterpret pc=0x0000000002715548 method=org.lwjgl.system.MemoryUtil.encodeUTF8(Ljava/lang/CharSequence;ZJ)I @ 35
Event: 2.315 Thread 0x0000000002264000 Uncommon trap: reason=unstable_if action=reinterpret pc=0x000000000271318c method=lwjgui.scene.Node.computeAbsolutePosition()V @ 28
Event: 2.438 Thread 0x0000000002264000 Uncommon trap: reason=unstable_if action=reinterpret pc=0x000000000275334c method=lwjgui.scene.Node.resize()V @ 148
Event: 3.464 Thread 0x0000000016eba800 Uncommon trap: reason=unstable_if action=reinterpret pc=0x00000000026e365c method=java.lang.ref.ReferenceQueue.poll()Ljava/lang/ref/Reference; @ 4
Event: 19.489 Thread 0x0000000002264000 Uncommon trap: reason=unstable_if action=reinterpret pc=0x0000000002950850 method=lwjgui.scene.Context.calculateHoverRecursive(Llwjgui/scene/Node;Llwjgui/scene/Node;)Llwjgui/scene/Node; @ 74
Event: 19.507 Thread 0x0000000002264000 Uncommon trap: reason=unstable_if action=reinterpret pc=0x000000000296d0a0 method=lwjgui.scene.Context.isHovered(Llwjgui/scene/Node;)Z @ 4
Event: 19.507 Thread 0x0000000002264000 Uncommon trap: reason=unstable_if action=reinterpret pc=0x0000000002933b08 method=lwjgui.scene.Context.isHovered(Llwjgui/scene/Node;)Z @ 4

Classes redefined (0 events):
No events

Internal exceptions (10 events):
Event: 0.369 Thread 0x0000000002264000 Exception <a 'sun/nio/fs/WindowsException'> (0x00000000d632f448) thrown at [C:\ws\89P\Corretto8Src\installers\windows\zip\corretto-build\buildRoot\src\hotspot\src\share\vm\prims\jni.cpp, line 711]
Event: 0.370 Thread 0x0000000002264000 Exception <a 'sun/nio/fs/WindowsException'> (0x00000000d632fb28) thrown at [C:\ws\89P\Corretto8Src\installers\windows\zip\corretto-build\buildRoot\src\hotspot\src\share\vm\prims\jni.cpp, line 711]
Event: 0.545 Thread 0x0000000002264000 Exception <a 'sun/nio/fs/WindowsException'> (0x00000000d645ceb0) thrown at [C:\ws\89P\Corretto8Src\installers\windows\zip\corretto-build\buildRoot\src\hotspot\src\share\vm\prims\jni.cpp, line 711]
Event: 0.545 Thread 0x0000000002264000 Exception <a 'sun/nio/fs/WindowsException'> (0x00000000d645d5f0) thrown at [C:\ws\89P\Corretto8Src\installers\windows\zip\corretto-build\buildRoot\src\hotspot\src\share\vm\prims\jni.cpp, line 711]
Event: 0.548 Thread 0x0000000002264000 Exception <a 'sun/nio/fs/WindowsException'> (0x00000000d646ea18) thrown at [C:\ws\89P\Corretto8Src\installers\windows\zip\corretto-build\buildRoot\src\hotspot\src\share\vm\prims\jni.cpp, line 711]
Event: 0.548 Thread 0x0000000002264000 Exception <a 'sun/nio/fs/WindowsException'> (0x00000000d646f010) thrown at [C:\ws\89P\Corretto8Src\installers\windows\zip\corretto-build\buildRoot\src\hotspot\src\share\vm\prims\jni.cpp, line 711]
Event: 0.822 Thread 0x0000000002264000 Exception <a 'sun/nio/fs/WindowsException'> (0x00000000d6c3d708) thrown at [C:\ws\89P\Corretto8Src\installers\windows\zip\corretto-build\buildRoot\src\hotspot\src\share\vm\prims\jni.cpp, line 711]
Event: 0.822 Thread 0x0000000002264000 Exception <a 'sun/nio/fs/WindowsException'> (0x00000000d6c3de48) thrown at [C:\ws\89P\Corretto8Src\installers\windows\zip\corretto-build\buildRoot\src\hotspot\src\share\vm\prims\jni.cpp, line 711]
Event: 1.085 Thread 0x0000000002264000 Exception <a 'sun/nio/fs/WindowsException'> (0x00000000d6f318c8) thrown at [C:\ws\89P\Corretto8Src\installers\windows\zip\corretto-build\buildRoot\src\hotspot\src\share\vm\prims\jni.cpp, line 711]
Event: 1.085 Thread 0x0000000002264000 Exception <a 'sun/nio/fs/WindowsException'> (0x00000000d6f31fd0) thrown at [C:\ws\89P\Corretto8Src\installers\windows\zip\corretto-build\buildRoot\src\hotspot\src\share\vm\prims\jni.cpp, line 711]

Events (10 events):
Event: 19.489 Thread 0x0000000002264000 DEOPT PACKING pc=0x0000000002950850 sp=0x000000000225e8b0
Event: 19.489 Thread 0x0000000002264000 DEOPT UNPACKING pc=0x00000000023a557b sp=0x000000000225e8a0 mode 2
Event: 19.507 Thread 0x0000000002264000 Uncommon trap: trap_request=0xffffff65 fr.pc=0x000000000296d0a0
Event: 19.507 Thread 0x0000000002264000 DEOPT PACKING pc=0x000000000296d0a0 sp=0x000000000225e650
Event: 19.507 Thread 0x0000000002264000 DEOPT UNPACKING pc=0x00000000023a557b sp=0x000000000225e4f0 mode 2
Event: 19.507 Thread 0x0000000002264000 Uncommon trap: trap_request=0xffffff65 fr.pc=0x0000000002933b08
Event: 19.507 Thread 0x0000000002264000 DEOPT PACKING pc=0x0000000002933b08 sp=0x000000000225e5f0
Event: 19.507 Thread 0x0000000002264000 DEOPT UNPACKING pc=0x00000000023a557b sp=0x000000000225e4e0 mode 2
Event: 20.023 loading class org/lwjgl/glfw/Callbacks
Event: 20.023 loading class org/lwjgl/glfw/Callbacks done


Dynamic libraries:
0x00007ff78a590000 - 0x00007ff78a5c5000 	C:\Program Files\Amazon Corretto\jdk1.8.0_265\bin\javaw.exe
0x00007fff13770000 - 0x00007fff13965000 	C:\WINDOWS\SYSTEM32\ntdll.dll
0x00007fff12810000 - 0x00007fff128cd000 	C:\WINDOWS\System32\KERNEL32.DLL
0x00007fff11000000 - 0x00007fff112c8000 	C:\WINDOWS\System32\KERNELBASE.dll
0x00007fff12ca0000 - 0x00007fff12d4c000 	C:\WINDOWS\System32\ADVAPI32.dll
0x00007fff130d0000 - 0x00007fff1316e000 	C:\WINDOWS\System32\msvcrt.dll
0x00007fff13690000 - 0x00007fff1372b000 	C:\WINDOWS\System32\sechost.dll
0x00007fff128e0000 - 0x00007fff12a0b000 	C:\WINDOWS\System32\RPCRT4.dll
0x00007fff12e20000 - 0x00007fff12fc0000 	C:\WINDOWS\System32\USER32.dll
0x00007fff10eb0000 - 0x00007fff10ed2000 	C:\WINDOWS\System32\win32u.dll
0x00007fff131e0000 - 0x00007fff1320a000 	C:\WINDOWS\System32\GDI32.dll
0x00007fff11300000 - 0x00007fff1140b000 	C:\WINDOWS\System32\gdi32full.dll
0x00007fff10ee0000 - 0x00007fff10f7d000 	C:\WINDOWS\System32\msvcp_win.dll
0x00007fff116d0000 - 0x00007fff117d0000 	C:\WINDOWS\System32\ucrtbase.dll
0x00007fff03600000 - 0x00007fff0389a000 	C:\WINDOWS\WinSxS\amd64_microsoft.windows.common-controls_6595b64144ccf1df_6.0.19041.844_none_ca00b6081b84eb1d\COMCTL32.dll
0x00007fff127e0000 - 0x00007fff12810000 	C:\WINDOWS\System32\IMM32.DLL
0x0000000075c40000 - 0x0000000075d12000 	C:\Program Files\Amazon Corretto\jdk1.8.0_265\jre\bin\msvcr100.dll
0x0000000074a50000 - 0x000000007530a000 	C:\Program Files\Amazon Corretto\jdk1.8.0_265\jre\bin\server\jvm.dll
0x00007fff119a0000 - 0x00007fff119a8000 	C:\WINDOWS\System32\PSAPI.DLL
0x00007fff01180000 - 0x00007fff011a7000 	C:\WINDOWS\SYSTEM32\WINMM.dll
0x00007fff0c730000 - 0x00007fff0c739000 	C:\WINDOWS\SYSTEM32\WSOCK32.dll
0x00007fff13170000 - 0x00007fff131db000 	C:\WINDOWS\System32\WS2_32.dll
0x00007fff023e0000 - 0x00007fff023ea000 	C:\WINDOWS\SYSTEM32\VERSION.dll
0x00007fff0c4b0000 - 0x00007fff0c4bf000 	C:\Program Files\Amazon Corretto\jdk1.8.0_265\jre\bin\verify.dll
0x00007fff01b30000 - 0x00007fff01b59000 	C:\Program Files\Amazon Corretto\jdk1.8.0_265\jre\bin\java.dll
0x00007fff02ea0000 - 0x00007fff02eb6000 	C:\Program Files\Amazon Corretto\jdk1.8.0_265\jre\bin\zip.dll
0x00007fff119b0000 - 0x00007fff120f2000 	C:\WINDOWS\System32\SHELL32.dll
0x00007fff0ee70000 - 0x00007fff0f600000 	C:\WINDOWS\SYSTEM32\windows.storage.dll
0x00007fff13330000 - 0x00007fff13685000 	C:\WINDOWS\System32\combase.dll
0x00007fff10920000 - 0x00007fff1094c000 	C:\WINDOWS\SYSTEM32\Wldp.dll
0x00007fff12bf0000 - 0x00007fff12c9e000 	C:\WINDOWS\System32\SHCORE.dll
0x00007fff11880000 - 0x00007fff118d5000 	C:\WINDOWS\System32\shlwapi.dll
0x00007fff10df0000 - 0x00007fff10e0f000 	C:\WINDOWS\SYSTEM32\profapi.dll
0x00007fff01d00000 - 0x00007fff01d1a000 	C:\Program Files\Amazon Corretto\jdk1.8.0_265\jre\bin\net.dll
0x00007fff10690000 - 0x00007fff106fa000 	C:\WINDOWS\system32\mswsock.dll
0x00007fff01b10000 - 0x00007fff01b22000 	C:\Program Files\Amazon Corretto\jdk1.8.0_265\jre\bin\nio.dll
0x00007ffee9610000 - 0x00007ffee9674000 	C:\Users\Jason\AppData\Local\Temp\lwjglJason\3.2.3-build-13\lwjgl.dll
0x00007ffee8430000 - 0x00007ffee8492000 	C:\Users\Jason\AppData\Local\Temp\lwjglJason\3.2.3-build-13\glfw.dll
0x00007fff0e3e0000 - 0x00007fff0e47e000 	C:\WINDOWS\system32\uxtheme.dll
0x00007ffee32d0000 - 0x00007ffee3315000 	C:\WINDOWS\SYSTEM32\dinput8.dll
0x00007fff006e0000 - 0x00007fff006f1000 	C:\WINDOWS\SYSTEM32\xinput1_4.dll
0x00007fff11410000 - 0x00007fff1145e000 	C:\WINDOWS\System32\cfgmgr32.dll
0x00007fff10c60000 - 0x00007fff10c8c000 	C:\WINDOWS\SYSTEM32\DEVOBJ.dll
0x00007fff0e690000 - 0x00007fff0e6bf000 	C:\WINDOWS\SYSTEM32\dwmapi.dll
0x00007fff09ef0000 - 0x00007fff0a042000 	C:\WINDOWS\SYSTEM32\inputhost.dll
0x00007fff12d50000 - 0x00007fff12e1d000 	C:\WINDOWS\System32\OLEAUT32.dll
0x00007fff0e0b0000 - 0x00007fff0e1a2000 	C:\WINDOWS\SYSTEM32\CoreMessaging.dll
0x00007fff0f600000 - 0x00007fff0f6f7000 	C:\WINDOWS\SYSTEM32\PROPSYS.dll
0x00007fff0d9d0000 - 0x00007fff0dd2e000 	C:\WINDOWS\SYSTEM32\CoreUIComponents.dll
0x00007fff0c9f0000 - 0x00007fff0cb44000 	C:\WINDOWS\SYSTEM32\wintypes.dll
0x00007fff10f80000 - 0x00007fff11000000 	C:\WINDOWS\System32\bcryptPrimitives.dll
0x00007fff0f780000 - 0x00007fff0f792000 	C:\WINDOWS\SYSTEM32\kernel.appcore.dll
0x00007fff0fd10000 - 0x00007fff0fd43000 	C:\WINDOWS\SYSTEM32\ntmarta.dll
0x00007fff13210000 - 0x00007fff13325000 	C:\WINDOWS\System32\MSCTF.dll
0x00007fff0f770000 - 0x00007fff0f77d000 	C:\WINDOWS\SYSTEM32\HID.DLL
0x00007fff12160000 - 0x00007fff125c9000 	C:\WINDOWS\System32\SETUPAPI.DLL
0x00007fff112d0000 - 0x00007fff112f7000 	C:\WINDOWS\System32\bcrypt.dll
0x00007fff11670000 - 0x00007fff116d0000 	C:\WINDOWS\System32\WINTRUST.dll
0x00007fff11510000 - 0x00007fff1166f000 	C:\WINDOWS\System32\CRYPT32.dll
0x00007fff10aa0000 - 0x00007fff10ab2000 	C:\WINDOWS\SYSTEM32\MSASN1.dll
0x00007ffef3440000 - 0x00007ffef3566000 	C:\WINDOWS\SYSTEM32\opengl32.dll
0x00007fff03d00000 - 0x00007fff03d2c000 	C:\WINDOWS\SYSTEM32\GLU32.dll
0x00007fff117d0000 - 0x00007fff11879000 	C:\WINDOWS\System32\clbcatq.dll
0x00007ffecaf00000 - 0x00007ffecba47000 	C:\WINDOWS\SYSTEM32\ig75icd64.dll
0x00007fff0c4d0000 - 0x00007fff0c4e4000 	C:\WINDOWS\SYSTEM32\WTSAPI32.dll
0x00007fff04fb0000 - 0x00007fff059ef000 	C:\WINDOWS\SYSTEM32\igdusc64.dll
0x00007fff06c10000 - 0x00007fff06c4b000 	C:\WINDOWS\SYSTEM32\dxcore.dll
0x00007fff104a0000 - 0x00007fff104eb000 	C:\WINDOWS\SYSTEM32\powrprof.dll
0x00007fff10310000 - 0x00007fff10322000 	C:\WINDOWS\SYSTEM32\UMPDC.dll
0x00007fff0f910000 - 0x00007fff0fa04000 	C:\WINDOWS\SYSTEM32\dxgi.dll
0x00007fff0cb50000 - 0x00007fff0cdb4000 	C:\WINDOWS\SYSTEM32\d3d11.dll
0x00007ffee3270000 - 0x00007ffee32c9000 	C:\Users\Jason\AppData\Local\Temp\lwjglJason\3.2.3-build-13\lwjgl_opengl.dll
0x00007ffee2bc0000 - 0x00007ffee2c47000 	C:\Users\Jason\AppData\Local\Temp\lwjglJason\3.2.3-build-13\lwjgl_nanovg.dll
0x00007ffeda400000 - 0x00007ffeda50b000 	C:\Users\Jason\AppData\Local\Temp\lwjglJason\3.2.3-build-13\OpenAL.dll
0x00007fff126b0000 - 0x00007fff127da000 	C:\WINDOWS\System32\ole32.dll
0x00007fff09010000 - 0x00007fff09095000 	C:\WINDOWS\System32\MMDevApi.dll
0x00007fff090a0000 - 0x00007fff09221000 	C:\WINDOWS\SYSTEM32\AUDIOSES.DLL
0x00007fff0e5a0000 - 0x00007fff0e5b4000 	C:\WINDOWS\SYSTEM32\resourcepolicyclient.dll
0x00007fff0b310000 - 0x00007fff0b409000 	C:\WINDOWS\SYSTEM32\textinputframework.dll
0x00007fff01b80000 - 0x00007fff01be6000 	C:\WINDOWS\system32\Oleacc.dll
0x00007fff0ec80000 - 0x00007fff0ee64000 	C:\WINDOWS\SYSTEM32\dbghelp.dll

VM Arguments:
jvm_args: -Djava.library.path=C:\Users\Jason\workspace\ArcBuilder\lib\lwjgl-glfw -Dfile.encoding=Cp1252 
java_command: mapper.App
java_class_path (initial): C:\Program Files\Amazon Corretto\jdk1.8.0_265\jre\lib\resources.jar;C:\Program Files\Amazon Corretto\jdk1.8.0_265\jre\lib\rt.jar;C:\Program Files\Amazon Corretto\jdk1.8.0_265\jre\lib\jsse.jar;C:\Program Files\Amazon Corretto\jdk1.8.0_265\jre\lib\jce.jar;C:\Program Files\Amazon Corretto\jdk1.8.0_265\jre\lib\charsets.jar;C:\Program Files\Amazon Corretto\jdk1.8.0_265\jre\lib\jfr.jar;C:\Program Files\Amazon Corretto\jdk1.8.0_265\jre\lib\ext\access-bridge-64.jar;C:\Program Files\Amazon Corretto\jdk1.8.0_265\jre\lib\ext\cldrdata.jar;C:\Program Files\Amazon Corretto\jdk1.8.0_265\jre\lib\ext\dnsns.jar;C:\Program Files\Amazon Corretto\jdk1.8.0_265\jre\lib\ext\jaccess.jar;C:\Program Files\Amazon Corretto\jdk1.8.0_265\jre\lib\ext\jfxrt.jar;C:\Program Files\Amazon Corretto\jdk1.8.0_265\jre\lib\ext\localedata.jar;C:\Program Files\Amazon Corretto\jdk1.8.0_265\jre\lib\ext\nashorn.jar;C:\Program Files\Amazon Corretto\jdk1.8.0_265\jre\lib\ext\sunec.jar;C:\Program Files\Amazon Corretto\jdk1.8.0_265\jre\lib\ext\sunjce_provider.jar;C:\Program Files\Amazon Corretto\jdk1.8.0_265\jre\lib\ext\sunmscapi.jar;C:\Program Files\Amazon Corretto\jdk1.8.0_265\jre\lib\ext\sunpkcs11.jar;C:\Program Files\Amazon Corretto\jdk1.8.0_265\jre\lib\ext\zipfs.jar;C:\Users\Jason\workspace\StepCartographer\bin;C:\Users\Jason\workspace\StepCartographer\lib\joml-1.10.0.jar;C:\Users\Jason\workspace\ArcBuilder\lib\lwjgl\lwjgl-natives-linux-arm32.jar;C:\Users\Jason\workspace\ArcBuilder\lib\lwjgl\lwjgl-natives-linux-arm64.jar;C:\Users\Jason\workspace\ArcBuilder\lib\lwjgl\lwjgl-natives-linux.jar;C:\Users\Jason\workspace\ArcBuilder\lib\lwjgl\lwjgl-natives-macos.jar;C:\Users\Jason\workspace\ArcBuilder\lib\lwjgl\lwjgl-natives-windows-x86.jar;C:\Users\Jason\workspace\ArcBuilder\lib\lwjgl\lwjgl-natives-windows.jar;C:\Users\Jason\workspace\ArcBuilder\lib\lwjgl\lwjgl.jar;C:\Users\Jason\workspace\ArcBuilder\lib\lwjgl-assimp\lwjgl-assimp-natives-linux-arm32.jar;C:\Users\Jason\workspace\ArcBuilder\l
Launcher Type: SUN_STANDARD

Environment Variables:
JAVA_HOME=C:\Program Files\Amazon Corretto\jdk1.8.0_265
PATH=C:/Program Files/Amazon Corretto/jdk1.8.0_265/bin/../jre/bin/server;C:/Program Files/Amazon Corretto/jdk1.8.0_265/bin/../jre/bin;C:/Program Files/Amazon Corretto/jdk1.8.0_265/bin/../jre/lib/amd64;C:\Program Files\Amazon Corretto\jdk1.8.0_265\bin;C:\Program Files (x86)\Common Files\Oracle\Java\javapath;C:\WINDOWS\system32;C:\WINDOWS;C:\WINDOWS\System32\Wbem;C:\WINDOWS\System32\WindowsPowerShell\v1.0\;C:\Program Files\Intel\WiFi\bin\;C:\Program Files\Common Files\Intel\WirelessCommon\;C:\WINDOWS\System32\OpenSSH\;C:\Program Files\Git\cmd;C:\Program Files\Amazon Corretto\jdk1.8.0_265\bin;C:\Python32;C:\Gradle\gradle-7.0\bin;C:\Users\Jason\AppData\Local\Microsoft\WindowsApps;C:\Program Files\Intel\WiFi\bin\;C:\Program Files\Common Files\Intel\WirelessCommon\;C:\Program Files\Java\jre1.8.0_261\bin;C:\Program Files\Java\jdk-9\bin;C:\Users\Jason\AppData\Local\Programs\Microsoft VS Code\bin;C:\Python32;;C:\WINDOWS\System32;
USERNAME=Jason
OS=Windows_NT
PROCESSOR_IDENTIFIER=Intel64 Family 6 Model 69 Stepping 1, GenuineIntel



---------------  S Y S T E M  ---------------

OS: Windows 10.0 , 64 bit Build 19041 (10.0.19041.928)

CPU:total 4 (initial active 4) (2 cores per cpu, 2 threads per core) family 6 model 69 stepping 1, cmov, cx8, fxsr, mmx, sse, sse2, sse3, ssse3, sse4.1, sse4.2, popcnt, avx, avx2, aes, clmul, erms, lzcnt, ht, tsc, tscinvbit, bmi1, bmi2

Memory: 4k page, physical 8298776k(4046184k free), swap 9609496k(2966316k free)

vm_info: OpenJDK 64-Bit Server VM (25.265-b01) for windows-amd64 JRE (1.8.0_265-b01), built on Jul 28 2020 21:14:30 by "Administrator" with MS VC++ 10.0 (VS2010)

time: Mon May 31 18:36:26 2021
timezone: Eastern Daylight Time
elapsed time: 20 seconds (0d 0h 0m 20s)

